[DEBUG] 2017-03-08 16:12:55 结束事务[DEBUG] 2017-03-08 16:12:55 结束调用sql[DEBUG] 2017-03-08 16:12:55 退出路径[/checkName][DEBUG] 2017-03-08 16:12:55 开始事务 
[DEBUG] 2017-03-08 16:12:56 开始事务 
[DEBUG] 2017-03-08 16:12:56 结束事务 
[DEBUG] 2017-03-08 16:12:56 退出路径[/checkName] 
[DEBUG] 2017-03-08 16:13:05 开始事务 
[DEBUG] 2017-03-08 16:13:05 结束事务 
[DEBUG] 2017-03-08 16:13:05 结束调用sql 
[DEBUG] 2017-03-08 16:13:05 退出路径[/checkName] 
[DEBUG] 2017-03-08 16:13:09 开始事务 
[DEBUG] 2017-03-08 16:13:09 结束调用sql 
[DEBUG] 2017-03-08 16:13:09 退出路径[/checkName] 
[DEBUG] 2017-03-08 16:13:09 结束事务 
[DEBUG] 2017-03-08 16:13:17 开始事务 
[DEBUG] 2017-03-08 16:13:17 结束调用sql 
[DEBUG] 2017-03-08 16:13:17 结束事务 
[DEBUG] 2017-03-08 16:13:17 退出路径[/checkName] 
[DEBUG] 2017-03-08 16:13:47 开始事务 
[DEBUG] 2017-03-08 16:13:47 结束事务 
[DEBUG] 2017-03-08 16:13:47 退出路径[/checkName] 
[DEBUG] 2017-03-08 16:13:47 结束调用sql 
[DEBUG] 2017-03-08 16:13:47 开始事务 
[DEBUG] 2017-03-08 16:13:47 结束调用sql 
[DEBUG] 2017-03-08 16:13:47 退出路径[/checkName] 
[DEBUG] 2017-03-08 16:13:47 结束事务 
[DEBUG] 2017-03-08 16:13:47 开始事务 
[DEBUG] 2017-03-08 16:13:47 结束事务 
[DEBUG] 2017-03-08 16:13:47 结束调用sql 
[DEBUG] 2017-03-08 16:13:47 退出路径[/checkName] 
[DEBUG] 2017-03-08 16:13:52 开始事务 
[DEBUG] 2017-03-08 16:13:52 退出路径[/regis]